<?xml version="1.0"?><coverage lines-covered="474" lines-valid="517" line-rate="0.9168278529980658" branches-covered="0" branches-valid="0" branch-rate="0" complexity="0" version="1.9" timestamp="1774650414"><sources><source>/home/aliyu-adeniji/Callora-Contracts</source></sources><packages><package name="contracts/vault/src" line-rate="0.9140127388535032" branch-rate="0" complexity="0"><classes><class name="lib" filename="contracts/vault/src/lib.rs" line-rate="0.9105960264900662" branch-rate="0" complexity="0"><methods/><lines><line number="118" hits="2"/><line number="128" hits="1"/><line number="129" hits="3"/><line number="130" hits="1"/><line number="131" hits="2"/><line number="135" hits="1"/><line number="139" hits="1"/><line number="140" hits="1"/><line number="146" hits="2"/><line number="147" hits="1"/><line number="149" hits="3"/><line number="150" hits="3"/><line number="152" hits="3"/><line number="153" hits="2"/><line number="154" hits="2"/><line number="160" hits="3"/><line number="166" hits="1"/><line number="167" hits="2"/><line number="168" hits="2"/><line number="169" hits="2"/><line number="170" hits="1"/><line number="172" hits="1"/><line number="174" hits="2"/><line number="175" hits="2"/><line number="176" hits="2"/><line number="180" hits="1"/><line number="181" hits="2"/><line number="182" hits="2"/><line number="183" hits="1"/><line number="186" hits="1"/><line number="189" hits="2"/><line number="190" hits="2"/><line number="191" hits="1"/><line number="198" hits="1"/><line number="199" hits="1"/><line number="201" hits="1"/><line number="208" hits="2"/><line number="209" hits="1"/><line number="210" hits="1"/><line number="211" hits="2"/><line number="212" hits="2"/><line number="214" hits="1"/><line number="216" hits="0"/><line number="218" hits="2"/><line number="220" hits="1"/><line number="221" hits="1"/><line number="222" hits="1"/><line number="230" hits="1"/><line number="231" hits="1"/><line number="234" hits="1"/><line number="236" hits="1"/><line number="238" hits="1"/><line number="239" hits="1"/><line number="241" hits="0"/><line number="242" hits="1"/><line number="244" hits="2"/><line number="246" hits="1"/><line number="247" hits="1"/><line number="248" hits="1"/><line number="255" hits="1"/><line number="256" hits="2"/><line number="257" hits="3"/><line number="269" hits="3"/><line number="270" hits="2"/><line number="271" hits="2"/><line number="272" hits="4"/><line number="273" hits="2"/><line number="275" hits="2"/><line number="276" hits="2"/><line number="281" hits="2"/><line number="283" hits="2"/><line number="284" hits="4"/><line number="285" hits="1"/><line number="286" hits="2"/><line number="288" hits="2"/><line number="289" hits="2"/><line number="290" hits="2"/><line number="297" hits="1"/><line number="298" hits="1"/><line number="300" hits="1"/><line number="301" hits="3"/><line number="306" hits="2"/><line number="307" hits="1"/><line number="308" hits="1"/><line number="309" hits="1"/><line number="310" hits="1"/><line number="311" hits="1"/><line number="314" hits="2"/><line number="315" hits="2"/><line number="316" hits="1"/><line number="317" hits="2"/><line number="319" hits="1"/><line number="321" hits="0"/><line number="324" hits="1"/><line number="326" hits="0"/><line number="333" hits="1"/><line number="334" hits="2"/><line number="335" hits="1"/><line number="337" hits="1"/><line number="338" hits="1"/><line number="340" hits="2"/><line number="341" hits="2"/><line number="342" hits="1"/><line number="360" hits="0"/><line number="361" hits="0"/><line number="362" hits="0"/><line number="363" hits="0"/><line number="364" hits="0"/><line number="365" hits="0"/><line number="366" hits="0"/><line number="380" hits="0"/><line number="381" hits="0"/><line number="382" hits="0"/><line number="383" hits="0"/><line number="384" hits="0"/><line number="385" hits="0"/><line number="386" hits="0"/><line number="392" hits="1"/><line number="393" hits="1"/><line number="395" hits="1"/><line number="404" hits="2"/><line number="405" hits="1"/><line number="406" hits="1"/><line number="407" hits="2"/><line number="408" hits="3"/><line number="413" hits="2"/><line number="414" hits="1"/><line number="423" hits="1"/><line number="425" hits="1"/><line number="426" hits="2"/><line number="428" hits="3"/><line number="430" hits="1"/><line number="431" hits="1"/><line number="432" hits="1"/><line number="434" hits="2"/><line number="435" hits="2"/><line number="436" hits="1"/><line number="439" hits="1"/><line number="440" hits="2"/><line number="442" hits="1"/><line number="443" hits="1"/><line number="451" hits="2"/><line number="452" hits="1"/><line number="453" hits="1"/><line number="454" hits="2"/><line number="455" hits="2"/><line number="456" hits="1"/><line number="457" hits="2"/><line number="460" hits="1"/><line number="461" hits="2"/><line number="462" hits="2"/><line number="464" hits="1"/><line number="466" hits="3"/><line number="467" hits="2"/><line number="468" hits="1"/><line number="469" hits="1"/><line number="470" hits="1"/><line number="471" hits="2"/><line number="472" hits="1"/><line number="473" hits="2"/><line number="475" hits="2"/><line number="476" hits="1"/><line number="479" hits="1"/><line number="480" hits="2"/><line number="481" hits="1"/><line number="482" hits="1"/><line number="483" hits="1"/><line number="484" hits="1"/><line number="487" hits="2"/><line number="488" hits="1"/><line number="503" hits="2"/><line number="504" hits="1"/><line number="506" hits="1"/><line number="507" hits="3"/><line number="508" hits="3"/><line number="510" hits="2"/><line number="511" hits="1"/><line number="513" hits="1"/><line number="514" hits="2"/><line number="515" hits="2"/><line number="517" hits="3"/><line number="520" hits="1"/><line number="521" hits="1"/><line number="522" hits="3"/><line number="523" hits="1"/><line number="524" hits="1"/><line number="528" hits="3"/><line number="529" hits="2"/><line number="530" hits="1"/><line number="534" hits="1"/><line number="535" hits="1"/><line number="540" hits="1"/><line number="541" hits="2"/><line number="542" hits="2"/><line number="543" hits="1"/><line number="544" hits="2"/><line number="545" hits="2"/><line number="546" hits="1"/><line number="551" hits="1"/><line number="552" hits="1"/><line number="553" hits="2"/><line number="554" hits="1"/><line number="555" hits="2"/><line number="557" hits="2"/><line number="558" hits="1"/><line number="561" hits="1"/><line number="565" hits="1"/><line number="566" hits="1"/><line number="572" hits="2"/><line number="573" hits="2"/><line number="574" hits="1"/><line number="575" hits="2"/><line number="580" hits="1"/><line number="582" hits="0"/><line number="584" hits="2"/><line number="586" hits="1"/><line number="587" hits="1"/><line number="588" hits="1"/><line number="596" hits="1"/><line number="597" hits="1"/><line number="600" hits="1"/><line number="602" hits="1"/><line number="604" hits="1"/><line number="605" hits="2"/><line number="606" hits="1"/><line number="608" hits="2"/><line number="609" hits="1"/><line number="611" hits="2"/><line number="613" hits="1"/><line number="614" hits="1"/><line number="615" hits="1"/><line number="623" hits="1"/><line number="624" hits="2"/><line number="625" hits="1"/><line number="626" hits="2"/><line number="627" hits="3"/><line number="631" hits="1"/><line number="633" hits="1"/><line number="634" hits="2"/><line number="635" hits="1"/><line number="636" hits="1"/><line number="637" hits="1"/><line number="642" hits="1"/><line number="643" hits="2"/><line number="644" hits="1"/><line number="645" hits="1"/><line number="646" hits="3"/><line number="650" hits="1"/><line number="652" hits="1"/><line number="653" hits="2"/><line number="654" hits="1"/><line number="655" hits="1"/><line number="656" hits="1"/><line number="661" hits="2"/><line number="662" hits="1"/><line number="663" hits="1"/><line number="664" hits="2"/><line number="665" hits="2"/><line number="667" hits="1"/><line number="669" hits="0"/><line number="676" hits="1"/><line number="677" hits="1"/><line number="679" hits="1"/><line number="680" hits="3"/><line number="690" hits="2"/><line number="696" hits="1"/><line number="697" hits="1"/><line number="699" hits="1"/><line number="703" hits="2"/><line number="708" hits="1"/><line number="710" hits="0"/><line number="711" hits="2"/><line number="712" hits="2"/><line number="713" hits="1"/><line number="715" hits="1"/><line number="719" hits="1"/><line number="720" hits="1"/><line number="722" hits="1"/><line number="732" hits="2"/><line number="738" hits="1"/><line number="739" hits="1"/><line number="741" hits="1"/><line number="745" hits="2"/><line number="750" hits="1"/><line number="753" hits="3"/><line number="754" hits="2"/><line number="755" hits="1"/><line number="757" hits="0"/><line number="758" hits="2"/><line number="759" hits="2"/><line number="760" hits="1"/><line number="762" hits="1"/><line number="770" hits="1"/><line number="771" hits="1"/><line number="772" hits="2"/><line number="776" hits="1"/><line number="777" hits="1"/><line number="781" hits="0"/><line number="782" hits="0"/><line number="785" hits="0"/><line number="787" hits="0"/><line number="788" hits="0"/></lines></class><class name="test" filename="contracts/vault/src/test.rs" line-rate="1" branch-rate="0" complexity="0"><methods/><lines><line number="12" hits="4"/><line number="16" hits="4"/><line number="17" hits="1"/><line number="18" hits="3"/><line number="19" hits="1"/><line number="20" hits="3"/><line number="23" hits="1"/><line number="24" hits="4"/><line number="25" hits="4"/><line number="26" hits="4"/><line number="30" hits="1"/><line number="35" hits="3"/></lines></class></classes></package><package name="contracts/revenue_pool/src" line-rate="0.8947368421052632" branch-rate="0" complexity="0"><classes><class name="lib" filename="contracts/revenue_pool/src/lib.rs" line-rate="0.8795180722891566" branch-rate="0" complexity="0"><methods/><lines><line number="33" hits="3"/><line number="34" hits="2"/><line number="35" hits="1"/><line number="36" hits="2"/><line number="37" hits="1"/><line number="39" hits="1"/><line number="40" hits="2"/><line number="42" hits="2"/><line number="43" hits="2"/><line number="56" hits="1"/><line number="57" hits="1"/><line number="59" hits="8"/><line number="76" hits="1"/><line number="77" hits="1"/><line number="78" hits="1"/><line number="79" hits="2"/><line number="80" hits="0"/><line number="82" hits="2"/><line number="83" hits="1"/><line number="85" hits="2"/><line number="86" hits="2"/><line number="87" hits="1"/><line number="103" hits="1"/><line number="104" hits="1"/><line number="105" hits="1"/><line number="107" hits="1"/><line number="110" hits="1"/><line number="111" hits="0"/><line number="114" hits="2"/><line number="115" hits="1"/><line number="117" hits="1"/><line number="118" hits="1"/><line number="142" hits="2"/><line number="143" hits="1"/><line number="144" hits="1"/><line number="145" hits="2"/><line number="146" hits="2"/><line number="148" hits="0"/><line number="149" hits="0"/><line number="172" hits="2"/><line number="173" hits="1"/><line number="174" hits="1"/><line number="175" hits="2"/><line number="176" hits="0"/><line number="178" hits="1"/><line number="179" hits="1"/><line number="185" hits="2"/><line number="186" hits="0"/><line number="187" hits="1"/><line number="189" hits="1"/><line number="190" hits="2"/><line number="191" hits="1"/><line number="194" hits="1"/><line number="195" hits="2"/><line number="196" hits="2"/><line number="218" hits="2"/><line number="219" hits="2"/><line number="220" hits="2"/><line number="221" hits="4"/><line number="222" hits="0"/><line number="225" hits="2"/><line number="226" hits="6"/><line number="227" hits="2"/><line number="228" hits="2"/><line number="229" hits="0"/><line number="231" hits="6"/><line number="232" hits="2"/><line number="233" hits="2"/><line number="239" hits="4"/><line number="240" hits="0"/><line number="241" hits="2"/><line number="243" hits="2"/><line number="244" hits="4"/><line number="245" hits="0"/><line number="248" hits="7"/><line number="249" hits="2"/><line number="250" hits="2"/><line number="251" hits="4"/><line number="252" hits="4"/><line number="266" hits="1"/><line number="270" hits="2"/><line number="272" hits="1"/><line number="273" hits="2"/></lines></class><class name="test" filename="contracts/revenue_pool/src/test.rs" line-rate="1" branch-rate="0" complexity="0"><methods/><lines><line number="9" hits="1"/><line number="13" hits="3"/><line number="14" hits="2"/><line number="15" hits="2"/><line number="16" hits="2"/><line number="17" hits="2"/><line number="20" hits="4"/><line number="21" hits="4"/><line number="22" hits="4"/><line number="23" hits="3"/><line number="26" hits="2"/><line number="27" hits="3"/></lines></class></classes></package><package name="contracts/settlement/src" line-rate="0.9444444444444444" branch-rate="0" complexity="0"><classes><class name="lib" filename="contracts/settlement/src/lib.rs" line-rate="0.9444444444444444" branch-rate="0" complexity="0"><methods/><lines><line number="67" hits="2"/><line number="68" hits="7"/><line number="69" hits="4"/><line number="70" hits="1"/><line number="72" hits="4"/><line number="73" hits="4"/><line number="74" hits="4"/><line number="75" hits="8"/><line number="78" hits="4"/><line number="80" hits="4"/><line number="96" hits="3"/><line number="103" hits="2"/><line number="104" hits="2"/><line number="105" hits="1"/><line number="106" hits="2"/><line number="108" hits="2"/><line number="109" hits="2"/><line number="110" hits="2"/><line number="111" hits="3"/><line number="113" hits="1"/><line number="114" hits="1"/><line number="115" hits="1"/><line number="116" hits="1"/><line number="117" hits="2"/><line number="118" hits="2"/><line number="119" hits="1"/><line number="120" hits="1"/><line number="123" hits="1"/><line number="127" hits="1"/><line number="128" hits="5"/><line number="130" hits="3"/><line number="131" hits="0"/><line number="132" hits="2"/><line number="133" hits="4"/><line number="134" hits="1"/><line number="135" hits="1"/><line number="136" hits="1"/><line number="137" hits="2"/><line number="138" hits="3"/><line number="139" hits="3"/><line number="140" hits="1"/><line number="141" hits="2"/><line number="144" hits="3"/><line number="147" hits="3"/><line number="148" hits="3"/><line number="149" hits="1"/><line number="150" hits="2"/><line number="159" hits="2"/><line number="160" hits="2"/><line number="162" hits="4"/><line number="163" hits="4"/><line number="167" hits="2"/><line number="168" hits="2"/><line number="170" hits="4"/><line number="171" hits="4"/><line number="175" hits="1"/><line number="176" hits="1"/><line number="178" hits="2"/><line number="179" hits="3"/><line number="183" hits="2"/><line number="184" hits="3"/><line number="185" hits="1"/><line number="187" hits="1"/><line number="189" hits="1"/><line number="190" hits="0"/><line number="191" hits="1"/><line number="195" hits="1"/><line number="196" hits="3"/><line number="197" hits="1"/><line number="199" hits="1"/><line number="201" hits="1"/><line number="202" hits="0"/><line number="203" hits="1"/><line number="204" hits="3"/><line number="205" hits="2"/><line number="207" hits="1"/><line number="211" hits="1"/><line number="212" hits="1"/><line number="213" hits="1"/><line number="214" hits="2"/><line number="215" hits="0"/><line number="217" hits="1"/><line number="219" hits="0"/><line number="221" hits="2"/><line number="223" hits="1"/><line number="224" hits="1"/><line number="225" hits="1"/><line number="232" hits="2"/><line number="233" hits="2"/><line number="235" hits="1"/><line number="237" hits="1"/><line number="239" hits="1"/><line number="240" hits="2"/><line number="241" hits="1"/><line number="243" hits="1"/><line number="244" hits="1"/><line number="248" hits="3"/><line number="249" hits="2"/><line number="250" hits="2"/><line number="251" hits="4"/><line number="252" hits="2"/><line number="254" hits="1"/><line number="256" hits="0"/><line number="260" hits="3"/><line number="261" hits="3"/><line number="262" hits="4"/><line number="263" hits="4"/><line number="264" hits="2"/></lines></class></classes></package></packages></coverage>